2018-10-26 23:23:56.509  [http-nio-8080-exec-2] DEBUG [com.mooc.house.biz.mapper.HouseMapper.selectPageHouses:] http-nio-8080-exec-2cid - ==>  Preparing: select a.id, a.type, a.name, a.price, a.images, a.area, a.beds, a.baths, a.rating, a.remarks, a.properties, a.floor_plan, a.tags, a.create_time, a.city_id, a.community_id, a.address, a.state from house a WHERE state = 1 order by a.create_time desc limit ?,? 
2018-10-26 23:23:56.571  [http-nio-8080-exec-2] DEBUG [com.mooc.house.biz.mapper.HouseMapper.selectPageHouses:] http-nio-8080-exec-2cid - ==> Parameters: 0(Integer), 8(Integer)
2018-10-26 23:23:56.696  [http-nio-8080-exec-2] DEBUG [com.mooc.house.biz.mapper.HouseMapper.selectPageHouses:] http-nio-8080-exec-2cid - <==      Total: 0
2018-10-26 23:24:08.481  [http-nio-8080-exec-3] DEBUG [com.mooc.house.biz.mapper.BlogMapper.selectBlog:] http-nio-8080-exec-3cid - ==>  Preparing: select id,tags ,content,create_time,title from blog a order by a.create_time desc limit ?, ? 
2018-10-26 23:24:08.482  [http-nio-8080-exec-3] DEBUG [com.mooc.house.biz.mapper.BlogMapper.selectBlog:] http-nio-8080-exec-3cid - ==> Parameters: 0(Integer), 5(Integer)
2018-10-26 23:24:08.620  [http-nio-8080-exec-3] DEBUG [com.mooc.house.biz.mapper.BlogMapper.selectBlog:] http-nio-8080-exec-3cid - <==      Total: 5
2018-10-26 23:24:08.858  [http-nio-8080-exec-3] DEBUG [com.mooc.house.biz.mapper.BlogMapper.selectBlogCount:] http-nio-8080-exec-3cid - ==>  Preparing: select count(id) from blog a order by a.create_time desc 
2018-10-26 23:24:08.880  [http-nio-8080-exec-3] DEBUG [com.mooc.house.biz.mapper.BlogMapper.selectBlogCount:] http-nio-8080-exec-3cid - ==> Parameters: 
2018-10-26 23:24:08.912  [http-nio-8080-exec-3] DEBUG [com.mooc.house.biz.mapper.BlogMapper.selectBlogCount:] http-nio-8080-exec-3cid - <==      Total: 1
2018-10-26 23:24:15.888  [http-nio-8080-exec-1] DEBUG [com.mooc.house.biz.mapper.HouseMapper.selectPageHouses:] http-nio-8080-exec-1cid - ==>  Preparing: select a.id, a.type, a.name, a.price, a.images, a.area, a.beds, a.baths, a.rating, a.remarks, a.properties, a.floor_plan, a.tags, a.create_time, a.city_id, a.community_id, a.address, a.state from house a WHERE state = 1 order by a.create_time desc limit ?,? 
2018-10-26 23:24:15.889  [http-nio-8080-exec-1] DEBUG [com.mooc.house.biz.mapper.HouseMapper.selectPageHouses:] http-nio-8080-exec-1cid - ==> Parameters: 0(Integer), 8(Integer)
2018-10-26 23:24:15.890  [http-nio-8080-exec-1] DEBUG [com.mooc.house.biz.mapper.HouseMapper.selectPageHouses:] http-nio-8080-exec-1cid - <==      Total: 0
2018-10-26 23:25:06.475  [http-nio-8080-exec-3] DEBUG [com.mooc.house.biz.mapper.HouseMapper.selectPageHouses:] http-nio-8080-exec-3cid - ==>  Preparing: select a.id, a.type, a.name, a.price, a.images, a.area, a.beds, a.baths, a.rating, a.remarks, a.properties, a.floor_plan, a.tags, a.create_time, a.city_id, a.community_id, a.address, a.state from house a WHERE state = 1 order by a.create_time desc limit ?,? 
2018-10-26 23:25:06.476  [http-nio-8080-exec-3] DEBUG [com.mooc.house.biz.mapper.HouseMapper.selectPageHouses:] http-nio-8080-exec-3cid - ==> Parameters: 0(Integer), 8(Integer)
2018-10-26 23:25:06.478  [http-nio-8080-exec-3] DEBUG [com.mooc.house.biz.mapper.HouseMapper.selectPageHouses:] http-nio-8080-exec-3cid - <==      Total: 0
2018-10-26 23:25:12.587  [http-nio-8080-exec-8] DEBUG [com.mooc.house.biz.mapper.AgencyMapper.selectAgent:] http-nio-8080-exec-8cid - ==>  Preparing: select * from user WHERE enable = 1 and type = 2 order by id desc limit ?, ? 
2018-10-26 23:25:12.589  [http-nio-8080-exec-8] DEBUG [com.mooc.house.biz.mapper.AgencyMapper.selectAgent:] http-nio-8080-exec-8cid - ==> Parameters: 0(Integer), 6(Integer)
2018-10-26 23:25:12.650  [http-nio-8080-exec-8] DEBUG [com.mooc.house.biz.mapper.AgencyMapper.selectAgent:] http-nio-8080-exec-8cid - <==      Total: 6
2018-10-26 23:25:12.652  [http-nio-8080-exec-8] DEBUG [com.mooc.house.biz.mapper.AgencyMapper.selectAgentCount:] http-nio-8080-exec-8cid - ==>  Preparing: select count(id) from user WHERE enable =1 and type =2 
2018-10-26 23:25:12.652  [http-nio-8080-exec-8] DEBUG [com.mooc.house.biz.mapper.AgencyMapper.selectAgentCount:] http-nio-8080-exec-8cid - ==> Parameters: 
2018-10-26 23:25:12.653  [http-nio-8080-exec-8] DEBUG [com.mooc.house.biz.mapper.AgencyMapper.selectAgentCount:] http-nio-8080-exec-8cid - <==      Total: 1
2018-10-26 23:25:16.336  [http-nio-8080-exec-9] DEBUG [com.mooc.house.biz.mapper.AgencyMapper.selectAgent:] http-nio-8080-exec-9cid - ==>  Preparing: select * from user WHERE enable = 1 and type = 2 order by id desc limit ?, ? 
2018-10-26 23:25:16.336  [http-nio-8080-exec-9] DEBUG [com.mooc.house.biz.mapper.AgencyMapper.selectAgent:] http-nio-8080-exec-9cid - ==> Parameters: 6(Integer), 6(Integer)
2018-10-26 23:25:16.340  [http-nio-8080-exec-9] DEBUG [com.mooc.house.biz.mapper.AgencyMapper.selectAgent:] http-nio-8080-exec-9cid - <==      Total: 4
2018-10-26 23:25:16.340  [http-nio-8080-exec-9] DEBUG [com.mooc.house.biz.mapper.AgencyMapper.selectAgentCount:] http-nio-8080-exec-9cid - ==>  Preparing: select count(id) from user WHERE enable =1 and type =2 
2018-10-26 23:25:16.340  [http-nio-8080-exec-9] DEBUG [com.mooc.house.biz.mapper.AgencyMapper.selectAgentCount:] http-nio-8080-exec-9cid - ==> Parameters: 
2018-10-26 23:25:16.341  [http-nio-8080-exec-9] DEBUG [com.mooc.house.biz.mapper.AgencyMapper.selectAgentCount:] http-nio-8080-exec-9cid - <==      Total: 1
2018-10-26 23:25:18.118  [http-nio-8080-exec-10] DEBUG [com.mooc.house.biz.mapper.AgencyMapper.selectAgent:] http-nio-8080-exec-10cid - ==>  Preparing: select * from user WHERE enable = 1 and type = 2 order by id desc limit ?, ? 
2018-10-26 23:25:18.119  [http-nio-8080-exec-10] DEBUG [com.mooc.house.biz.mapper.AgencyMapper.selectAgent:] http-nio-8080-exec-10cid - ==> Parameters: 0(Integer), 6(Integer)
2018-10-26 23:25:18.125  [http-nio-8080-exec-10] DEBUG [com.mooc.house.biz.mapper.AgencyMapper.selectAgent:] http-nio-8080-exec-10cid - <==      Total: 6
2018-10-26 23:25:18.125  [http-nio-8080-exec-10] DEBUG [com.mooc.house.biz.mapper.AgencyMapper.selectAgentCount:] http-nio-8080-exec-10cid - ==>  Preparing: select count(id) from user WHERE enable =1 and type =2 
2018-10-26 23:25:18.125  [http-nio-8080-exec-10] DEBUG [com.mooc.house.biz.mapper.AgencyMapper.selectAgentCount:] http-nio-8080-exec-10cid - ==> Parameters: 
2018-10-26 23:25:18.127  [http-nio-8080-exec-10] DEBUG [com.mooc.house.biz.mapper.AgencyMapper.selectAgentCount:] http-nio-8080-exec-10cid - <==      Total: 1
2018-10-26 23:25:19.943  [http-nio-8080-exec-2] DEBUG [com.mooc.house.biz.mapper.AgencyMapper.selectAgent:] http-nio-8080-exec-2cid - ==>  Preparing: select * from user WHERE enable = 1 and type = 2 and id = ? order by id desc limit ?, ? 
2018-10-26 23:25:19.945  [http-nio-8080-exec-2] DEBUG [com.mooc.house.biz.mapper.AgencyMapper.selectAgent:] http-nio-8080-exec-2cid - ==> Parameters: 15(Long), 0(Integer), 1(Integer)
2018-10-26 23:25:19.979  [http-nio-8080-exec-2] DEBUG [com.mooc.house.biz.mapper.AgencyMapper.selectAgent:] http-nio-8080-exec-2cid - <==      Total: 1
2018-10-26 23:25:19.980  [http-nio-8080-exec-2] DEBUG [com.mooc.house.biz.mapper.AgencyMapper.select:] http-nio-8080-exec-2cid - ==>  Preparing: select id , name, address, phone, email, about_us, mobile, web_site from agency 
2018-10-26 23:25:19.980  [http-nio-8080-exec-2] DEBUG [com.mooc.house.biz.mapper.AgencyMapper.select:] http-nio-8080-exec-2cid - ==> Parameters: 
2018-10-26 23:25:20.014  [http-nio-8080-exec-2] DEBUG [com.mooc.house.biz.mapper.AgencyMapper.select:] http-nio-8080-exec-2cid - <==      Total: 5
2018-10-26 23:25:20.018  [http-nio-8080-exec-2] DEBUG [com.mooc.house.biz.mapper.HouseMapper.selectPageHouses:] http-nio-8080-exec-2cid - ==>  Preparing: select a.id, a.type, a.name, a.price, a.images, a.area, a.beds, a.baths, a.rating, a.remarks, a.properties, a.floor_plan, a.tags, a.create_time, a.city_id, a.community_id, a.address, a.state from house a inner join (select house_id,user_id from house_user WHERE user_id = ? and type =1 ) b on a.id = b.house_id WHERE state = 1 order by a.create_time desc limit ?,? 
2018-10-26 23:25:20.031  [http-nio-8080-exec-2] DEBUG [com.mooc.house.biz.mapper.HouseMapper.selectPageHouses:] http-nio-8080-exec-2cid - ==> Parameters: 15(Long), 0(Integer), 3(Integer)
2018-10-26 23:25:20.105  [http-nio-8080-exec-2] DEBUG [com.mooc.house.biz.mapper.HouseMapper.selectPageHouses:] http-nio-8080-exec-2cid - <==      Total: 0
2018-10-26 23:25:20.106  [http-nio-8080-exec-2] DEBUG [com.mooc.house.biz.mapper.HouseMapper.selectPageCount:] http-nio-8080-exec-2cid - ==>  Preparing: select count(id) from house a inner join (select house_id,user_id from house_user WHERE user_id = ? and type =1 ) b on a.id = b.house_id WHERE state = 1 
2018-10-26 23:25:20.106  [http-nio-8080-exec-2] DEBUG [com.mooc.house.biz.mapper.HouseMapper.selectPageCount:] http-nio-8080-exec-2cid - ==> Parameters: 15(Long)
2018-10-26 23:25:20.107  [http-nio-8080-exec-2] DEBUG [com.mooc.house.biz.mapper.HouseMapper.selectPageCount:] http-nio-8080-exec-2cid - <==      Total: 1
2018-10-26 23:51:38.348  [http-nio-8080-exec-2] DEBUG [com.mooc.house.biz.mapper.HouseMapper.selectPageHouses:] http-nio-8080-exec-2cid - ==>  Preparing: select a.id, a.type, a.name, a.price, a.images, a.area, a.beds, a.baths, a.rating, a.remarks, a.properties, a.floor_plan, a.tags, a.create_time, a.city_id, a.community_id, a.address, a.state from house a WHERE state = 1 order by a.create_time desc limit ?,? 
2018-10-26 23:51:38.373  [http-nio-8080-exec-2] DEBUG [com.mooc.house.biz.mapper.HouseMapper.selectPageHouses:] http-nio-8080-exec-2cid - ==> Parameters: 0(Integer), 8(Integer)
2018-10-26 23:51:38.383  [http-nio-8080-exec-2] DEBUG [com.mooc.house.biz.mapper.HouseMapper.selectPageHouses:] http-nio-8080-exec-2cid - <==      Total: 0
